> ./cs-migrate.py 
Total locale keys in CS 2470
Total locale keys in Primate 1208
Total CS keys to be skipped while migration 1067
Total translation keys found from legacy to Primate 1124
Total translation keys after migration 2606
Migrating language: ar
Keys found 2293
Total lang keys translated are: 2359
Migrating language: de_DE
Keys found 2296
Total lang keys translated are: 2362
Migrating language: es
Keys found 2294
Total lang keys translated are: 2360
Migrating language: hu
Keys found 2293
Total lang keys translated are: 2359
Migrating language: ja_JP
Keys found 2297
Total lang keys translated are: 2363
Migrating language: nb_NO
Keys found 2293
Total lang keys translated are: 2359
Migrating language: pl
Keys found 2293
Total lang keys translated are: 2359
Migrating language: ru_RU
Keys found 2293
Total lang keys translated are: 2359
Migrating language: ca
Keys found 2293
Total lang keys translated are: 2359
Migrating language: fr_FR
Keys found 2295
Total lang keys translated are: 2361
Migrating language: it_IT
Keys found 2293
Total lang keys translated are: 2359
Migrating language: ko_KR
Keys found 2293
Total lang keys translated are: 2359
Migrating language: nl_NL
Keys found 2293
Total lang keys translated are: 2359
Migrating language: pt_BR
Keys found 2293
Total lang keys translated are: 2359
Migrating language: zh_CN
Keys found 2297
Total lang keys translated are: 2363
